<?xml version="1.0" encoding="UTF-8"?>
<!-- Generated by org.testng.reporters.JUnitXMLReporter -->
<testsuite ignored="0" hostname="inbl01lap7026" failures="0" tests="4" name="Test" time="59.98" errors="0" timestamp="2022-02-19T15:30:25 IST">
  <testcase classname="com.OpenMs.TestCases.TC_001_Verify_login" name="loginTest" time="3.404"/>
  <testcase classname="com.OpenMs.TestCases.TC_002_WithoutLocation" name="loginTest2" time="0.257"/>
  <testcase classname="com.OpenMs.TestCases.TC_003_SearchPatient" name="searchpatient" time="9.684"/>
  <testcase classname="com.OpenMs.TestCases.TC_004_verify_RoberTaylor_Id" name="searchpatientID" time="9.398"/>
</testsuite> <!-- Test -->
