<?xml version="1.0" encoding="UTF-8"?>
<!-- Generated by org.testng.reporters.JUnitXMLReporter -->
<testsuite ignored="0" hostname="inbl01lap7026" failures="0" tests="4" name="Test" time="4.095" errors="0" timestamp="19 Feb 2022 08:00:18 GMT">
  <testcase classname="RestAssuredTestCase.GETRequestDemo" name="Get_Request" time="2.02"/>
  <testcase classname="RestAssuredTestCase.Test_POST" name="PutRequest" time="0.778"/>
  <testcase classname="RestAssuredTestCase.Test_Delete" name="PutRequest" time="0.643"/>
  <testcase classname="RestAssuredTestCase.Test_PUT" name="putRequest" time="0.632"/>
</testsuite> <!-- Test -->
