<?xml version="1.0" encoding="UTF-8"?>
<!-- Generated by org.testng.reporters.JUnitXMLReporter -->
<testsuite ignored="0" hostname="inbl01lap7026" failures="0" tests="4" name="Test" time="3.641" errors="0" timestamp="19 Feb 2022 07:00:41 GMT">
  <testcase classname="RestAssuredTestCase.GETRequestDemo" name="Get_Request" time="2.208"/>
  <testcase classname="RestAssuredTestCase.Test_POST" name="PutRequest" time="0.529"/>
  <testcase classname="RestAssuredTestCase.Test_Delete" name="PutRequest" time="0.447"/>
  <testcase classname="RestAssuredTestCase.Test_PUT" name="putRequest" time="0.431"/>
</testsuite> <!-- Test -->
