<?xml version="1.0" encoding="UTF-8"?>
<testng-results ignored="0" total="4" passed="4" failed="0" skipped="0">
  <reporter-output>
  </reporter-output>
  <suite started-at="2022-02-19T15:29:25 IST" name="Suite" finished-at="2022-02-19T15:30:25 IST" duration-ms="59980">
    <groups>
    </groups>
    <test started-at="2022-02-19T15:29:25 IST" name="Test" finished-at="2022-02-19T15:30:25 IST" duration-ms="59980">
      <class name="com.OpenMs.TestCases.TC_004_verify_RoberTaylor_Id">
        <test-method is-config="true" signature="SetUp()[pri:0, instance:com.OpenMs.TestCases.TC_004_verify_RoberTaylor_Id@6d60fe40]" started-at="2022-02-19T15:30:07 IST" name="SetUp" finished-at="2022-02-19T15:30:16 IST" duration-ms="9045" status="PASS">
          <reporter-output>
          </reporter-output>
        </test-method> <!-- SetUp -->
        <test-method signature="searchpatientID()[pri:0, instance:com.OpenMs.TestCases.TC_004_verify_RoberTaylor_Id@6d60fe40]" started-at="2022-02-19T15:30:16 IST" name="searchpatientID" finished-at="2022-02-19T15:30:25 IST" duration-ms="9398" status="PASS">
          <reporter-output>
          </reporter-output>
        </test-method> <!-- searchpatientID -->
        <test-method is-config="true" signature="teardown()[pri:0, instance:com.OpenMs.TestCases.TC_004_verify_RoberTaylor_Id@6d60fe40]" started-at="2022-02-19T15:30:25 IST" name="teardown" finished-at="2022-02-19T15:30:25 IST" duration-ms="141" status="PASS">
          <reporter-output>
          </reporter-output>
        </test-method> <!-- teardown -->
      </class> <!-- com.OpenMs.TestCases.TC_004_verify_RoberTaylor_Id -->
      <class name="com.OpenMs.TestCases.TC_003_SearchPatient">
        <test-method is-config="true" signature="SetUp()[pri:0, instance:com.OpenMs.TestCases.TC_003_SearchPatient@43df23d3]" started-at="2022-02-19T15:29:48 IST" name="SetUp" finished-at="2022-02-19T15:29:57 IST" duration-ms="8703" status="PASS">
          <reporter-output>
          </reporter-output>
        </test-method> <!-- SetUp -->
        <test-method signature="searchpatient()[pri:0, instance:com.OpenMs.TestCases.TC_003_SearchPatient@43df23d3]" started-at="2022-02-19T15:29:57 IST" name="searchpatient" finished-at="2022-02-19T15:30:06 IST" duration-ms="9684" status="PASS">
          <reporter-output>
          </reporter-output>
        </test-method> <!-- searchpatient -->
        <test-method is-config="true" signature="teardown()[pri:0, instance:com.OpenMs.TestCases.TC_003_SearchPatient@43df23d3]" started-at="2022-02-19T15:30:06 IST" name="teardown" finished-at="2022-02-19T15:30:07 IST" duration-ms="143" status="PASS">
          <reporter-output>
          </reporter-output>
        </test-method> <!-- teardown -->
      </class> <!-- com.OpenMs.TestCases.TC_003_SearchPatient -->
      <class name="com.OpenMs.TestCases.TC_002_WithoutLocation">
        <test-method is-config="true" signature="SetUp()[pri:0, instance:com.OpenMs.TestCases.TC_002_WithoutLocation@359df09a]" started-at="2022-02-19T15:29:39 IST" name="SetUp" finished-at="2022-02-19T15:29:48 IST" duration-ms="8779" status="PASS">
          <reporter-output>
          </reporter-output>
        </test-method> <!-- SetUp -->
        <test-method signature="loginTest2()[pri:0, instance:com.OpenMs.TestCases.TC_002_WithoutLocation@359df09a]" started-at="2022-02-19T15:29:48 IST" name="loginTest2" finished-at="2022-02-19T15:29:48 IST" duration-ms="257" status="PASS">
          <reporter-output>
          </reporter-output>
        </test-method> <!-- loginTest2 -->
        <test-method is-config="true" signature="teardown()[pri:0, instance:com.OpenMs.TestCases.TC_002_WithoutLocation@359df09a]" started-at="2022-02-19T15:29:48 IST" name="teardown" finished-at="2022-02-19T15:29:48 IST" duration-ms="95" status="PASS">
          <reporter-output>
          </reporter-output>
        </test-method> <!-- teardown -->
      </class> <!-- com.OpenMs.TestCases.TC_002_WithoutLocation -->
      <class name="com.OpenMs.TestCases.TC_001_Verify_login">
        <test-method is-config="true" signature="SetUp()[pri:0, instance:com.OpenMs.TestCases.TC_001_Verify_login@68c9133c]" started-at="2022-02-19T15:29:25 IST" name="SetUp" finished-at="2022-02-19T15:29:35 IST" duration-ms="10045" status="PASS">
          <reporter-output>
          </reporter-output>
        </test-method> <!-- SetUp -->
        <test-method signature="loginTest()[pri:0, instance:com.OpenMs.TestCases.TC_001_Verify_login@68c9133c]" started-at="2022-02-19T15:29:35 IST" name="loginTest" finished-at="2022-02-19T15:29:39 IST" duration-ms="3404" status="PASS">
          <reporter-output>
          </reporter-output>
        </test-method> <!-- loginTest -->
        <test-method is-config="true" signature="teardown()[pri:0, instance:com.OpenMs.TestCases.TC_001_Verify_login@68c9133c]" started-at="2022-02-19T15:29:39 IST" name="teardown" finished-at="2022-02-19T15:29:39 IST" duration-ms="233" status="PASS">
          <reporter-output>
          </reporter-output>
        </test-method> <!-- teardown -->
      </class> <!-- com.OpenMs.TestCases.TC_001_Verify_login -->
    </test> <!-- Test -->
  </suite> <!-- Suite -->
</testng-results>
